Copyright 1986-2020 Xilinx, Inc. All Rights Reserved.
------------------------------------------------------------------------------------
| Tool Version : Vivado v.2020.1 (win64) Build 2902540 Wed May 27 19:54:49 MDT 2020
| Date         : Fri Nov 14 17:56:02 2025
| Host         : DESKTOP-RBHFTC6 running 64-bit major release  (build 9200)
| Command      : upgrade_ip
| Device       : xc7k325tffv900-2
------------------------------------------------------------------------------------

Upgrade Log for IP 'tri_mode_ethernet_mac_0'

1. Summary
----------

SUCCESS in the conversion of tri_mode_ethernet_mac_0 (xilinx.com:ip:tri_mode_ethernet_mac:9.0 (Rev. 16)) to Vivado generation flows.






Copyright 1986-2020 Xilinx, Inc. All Rights Reserved.
------------------------------------------------------------------------------------
| Tool Version : Vivado v.2020.1 (win64) Build 2902540 Wed May 27 19:54:49 MDT 2020
| Date         : Fri Nov 14 17:55:49 2025
| Host         : DESKTOP-RBHFTC6 running 64-bit major release  (build 9200)
| Command      : upgrade_ip
| Device       : xc7k325tffv900-2
------------------------------------------------------------------------------------

Upgrade Log for IP 'clockwiz'

1. Summary
----------

SUCCESS in the conversion of clockwiz (xilinx.com:ip:clk_wiz:6.0 (Rev. 5)) to Vivado generation flows.






Copyright 1986-2020 Xilinx, Inc. All Rights Reserved.
------------------------------------------------------------------------------------
| Tool Version : Vivado v.2020.1 (win64) Build 2902540 Wed May 27 19:54:49 MDT 2020
| Date         : Fri Nov 14 17:55:37 2025
| Host         : DESKTOP-RBHFTC6 running 64-bit major release  (build 9200)
| Command      : upgrade_ip
| Device       : xc7k325tffv900-2
------------------------------------------------------------------------------------

Upgrade Log for IP 'fifo32to8'

1. Summary
----------

SUCCESS in the conversion of fifo32to8 (xilinx.com:ip:fifo_generator:13.2 (Rev. 5)) to Vivado generation flows.






Copyright 1986-2020 Xilinx, Inc. All Rights Reserved.
------------------------------------------------------------------------------------
| Tool Version : Vivado v.2020.1 (win64) Build 2902540 Wed May 27 19:54:49 MDT 2020
| Date         : Fri Nov 14 17:55:26 2025
| Host         : DESKTOP-RBHFTC6 running 64-bit major release  (build 9200)
| Command      : upgrade_ip
| Device       : xc7k325tffv900-2
------------------------------------------------------------------------------------

Upgrade Log for IP 'fifo8to32'

1. Summary
----------

SUCCESS in the conversion of fifo8to32 (xilinx.com:ip:fifo_generator:13.2 (Rev. 5)) to Vivado generation flows.






Copyright 1986-2020 Xilinx, Inc. All Rights Reserved.
------------------------------------------------------------------------------------
| Tool Version : Vivado v.2020.1 (win64) Build 2902540 Wed May 27 19:54:49 MDT 2020
| Date         : Fri Nov 14 17:55:00 2025
| Host         : DESKTOP-RBHFTC6 running 64-bit major release  (build 9200)
| Command      : upgrade_ip
| Device       : xc7k325tffv900-2
------------------------------------------------------------------------------------

Upgrade Log for IP 'ila_0'

1. Summary
----------

SUCCESS in the conversion of ila_0 (xilinx.com:ip:ila:6.2 (Rev. 11)) to Vivado generation flows.






Copyright 1986-2020 Xilinx, Inc. All Rights Reserved.
------------------------------------------------------------------------------------
| Tool Version : Vivado v.2020.1 (win64) Build 2902540 Wed May 27 19:54:49 MDT 2020
| Date         : Fri Nov 14 17:54:43 2025
| Host         : DESKTOP-RBHFTC6 running 64-bit major release  (build 9200)
| Command      : upgrade_ip
| Device       : xc7k325tffv900-2
------------------------------------------------------------------------------------

Upgrade Log for IP 'vio_0'

1. Summary
----------

SUCCESS in the conversion of vio_0 (xilinx.com:ip:vio:3.0 (Rev. 19)) to Vivado generation flows.

