********************************************************************************
* Unified simulation Tcl App stack trace dump
*
* File: .usf.tcl_error.log (Fri Nov 14 13:46:59 2025)
*
* This file is generated by the unified simulation automation and contains the
* tcl stack trace of error returned by the simulator App for the current run.
*
********************************************************************************
1
    while executing
"catch {open_run $impl_run -name $netlist} open_err"
    (procedure "xcs_write_design_netlist" line 115)
    invoked from within
"xcs_write_design_netlist $a_sim_vars(s_simset)           $a_sim_vars(s_simulation_flow)  $a_sim_vars(s_type)             $a_sim_vars(s_sim_top)       ..."
    (procedure "usf_xsim_setup_simulation" line 32)
    invoked from within
"usf_xsim_setup_simulation"
    (procedure "tclapp::xilinx::xsim::setup" line 19)
    invoked from within
"tclapp::xilinx::xsim::setup { -simset sim_1 -mode post-implementation -type functional -run_dir D:/project/vivado_work/TDC/TDC/TDC.sim/sim_1/impl/func..."
